mode: atomic
go-news/main.go:8.13,10.2 1 0
go-news/cmd/test/test_api.go:18.47,19.16 1 0
go-news/cmd/test/test_api.go:19.16,22.3 2 0
go-news/cmd/test/test_api.go:23.2,23.68 1 0
go-news/cmd/test/test_api.go:26.13,31.16 3 0
go-news/cmd/test/test_api.go:31.16,34.3 2 0
go-news/cmd/test/test_api.go:35.2,52.16 8 0
go-news/cmd/test/test_api.go:52.16,55.3 2 0
go-news/cmd/test/test_api.go:56.2,65.16 8 0
go-news/cmd/test/test_api.go:65.16,68.3 2 0
go-news/cmd/test/test_api.go:69.2,77.16 7 0
go-news/cmd/test/test_api.go:77.16,80.3 2 0
go-news/cmd/test/test_api.go:81.2,82.28 2 0
go-news/cmd/server/server.go:17.13,22.16 3 0
go-news/cmd/server/server.go:22.16,24.3 1 0
go-news/cmd/server/server.go:26.2,34.71 4 0
go-news/cmd/server/server.go:34.71,36.3 1 0
go-news/pkg/storage/memdb/memdb.go:7.19,9.2 1 0
go-news/pkg/storage/memdb/memdb.go:11.49,13.2 1 0
go-news/pkg/storage/memdb/memdb.go:15.47,18.2 2 0
go-news/pkg/storage/memdb/memdb.go:20.50,21.23 1 0
go-news/pkg/storage/memdb/memdb.go:21.23,22.26 1 0
go-news/pkg/storage/memdb/memdb.go:22.26,29.4 6 0
go-news/pkg/storage/memdb/memdb.go:31.2,31.12 1 0
go-news/pkg/storage/memdb/memdb.go:34.50,35.23 1 0
go-news/pkg/storage/memdb/memdb.go:35.23,36.26 1 0
go-news/pkg/storage/memdb/memdb.go:36.26,39.4 2 0
go-news/pkg/storage/memdb/memdb.go:41.2,41.12 1 0
go-news/pkg/api/api.go:16.37,23.2 4 4
go-news/pkg/api/api.go:25.29,30.2 4 4
go-news/pkg/api/api.go:32.38,34.2 1 4
go-news/pkg/api/api.go:36.70,38.16 2 1
go-news/pkg/api/api.go:38.16,41.3 2 0
go-news/pkg/api/api.go:42.2,43.16 2 1
go-news/pkg/api/api.go:43.16,46.3 2 0
go-news/pkg/api/api.go:47.2,47.16 1 1
go-news/pkg/api/api.go:50.72,53.16 3 1
go-news/pkg/api/api.go:53.16,56.3 2 0
go-news/pkg/api/api.go:57.2,58.16 2 1
go-news/pkg/api/api.go:58.16,61.3 2 0
go-news/pkg/api/api.go:62.2,62.30 1 1
go-news/pkg/api/api.go:65.75,68.16 3 1
go-news/pkg/api/api.go:68.16,71.3 2 0
go-news/pkg/api/api.go:72.2,73.16 2 1
go-news/pkg/api/api.go:73.16,76.3 2 0
go-news/pkg/api/api.go:77.2,77.30 1 1
go-news/pkg/api/api.go:80.75,83.16 3 1
go-news/pkg/api/api.go:83.16,86.3 2 0
go-news/pkg/api/api.go:87.2,88.16 2 1
go-news/pkg/api/api.go:88.16,91.3 2 0
go-news/pkg/api/api.go:92.2,92.30 1 1
go-news/pkg/storage/mongo/mongo.go:23.51,26.16 3 0
go-news/pkg/storage/mongo/mongo.go:26.16,28.3 1 0
go-news/pkg/storage/mongo/mongo.go:30.2,31.16 2 0
go-news/pkg/storage/mongo/mongo.go:31.16,33.3 1 0
go-news/pkg/storage/mongo/mongo.go:34.2,37.16 2 0
go-news/pkg/storage/mongo/mongo.go:40.49,44.16 4 0
go-news/pkg/storage/mongo/mongo.go:44.16,46.3 1 0
go-news/pkg/storage/mongo/mongo.go:47.2,49.37 3 0
go-news/pkg/storage/mongo/mongo.go:49.37,52.17 3 0
go-news/pkg/storage/mongo/mongo.go:52.17,54.4 1 0
go-news/pkg/storage/mongo/mongo.go:55.3,55.27 1 0
go-news/pkg/storage/mongo/mongo.go:57.2,57.25 1 0
go-news/pkg/storage/mongo/mongo.go:60.47,63.16 3 0
go-news/pkg/storage/mongo/mongo.go:63.16,65.3 1 0
go-news/pkg/storage/mongo/mongo.go:66.2,66.12 1 0
go-news/pkg/storage/mongo/mongo.go:68.50,81.16 5 0
go-news/pkg/storage/mongo/mongo.go:81.16,83.3 1 0
go-news/pkg/storage/mongo/mongo.go:84.2,84.12 1 0
go-news/pkg/storage/mongo/mongo.go:86.50,90.16 4 0
go-news/pkg/storage/mongo/mongo.go:90.16,92.3 1 0
go-news/pkg/storage/mongo/mongo.go:93.2,93.12 1 0
go-news/pkg/storage/postgres/postgres.go:17.51,19.16 2 0
go-news/pkg/storage/postgres/postgres.go:19.16,21.3 1 0
go-news/pkg/storage/postgres/postgres.go:22.2,25.16 2 0
go-news/pkg/storage/postgres/postgres.go:28.49,40.16 2 0
go-news/pkg/storage/postgres/postgres.go:40.16,42.3 1 0
go-news/pkg/storage/postgres/postgres.go:43.2,44.18 2 0
go-news/pkg/storage/postgres/postgres.go:44.18,54.17 3 0
go-news/pkg/storage/postgres/postgres.go:54.17,56.4 1 0
go-news/pkg/storage/postgres/postgres.go:57.3,57.27 1 0
go-news/pkg/storage/postgres/postgres.go:59.2,59.26 1 0
go-news/pkg/storage/postgres/postgres.go:62.47,64.16 2 0
go-news/pkg/storage/postgres/postgres.go:64.16,66.3 1 0
go-news/pkg/storage/postgres/postgres.go:67.2,80.16 3 0
go-news/pkg/storage/postgres/postgres.go:80.16,82.3 1 0
go-news/pkg/storage/postgres/postgres.go:84.2,84.40 1 0
go-news/pkg/storage/postgres/postgres.go:87.50,89.16 2 0
go-news/pkg/storage/postgres/postgres.go:89.16,91.3 1 0
go-news/pkg/storage/postgres/postgres.go:92.2,109.16 3 0
go-news/pkg/storage/postgres/postgres.go:109.16,111.3 1 0
go-news/pkg/storage/postgres/postgres.go:113.2,113.36 1 0
go-news/pkg/storage/postgres/postgres.go:113.36,115.3 1 0
go-news/pkg/storage/postgres/postgres.go:117.2,117.40 1 0
go-news/pkg/storage/postgres/postgres.go:120.50,122.16 2 0
go-news/pkg/storage/postgres/postgres.go:122.16,124.3 1 0
go-news/pkg/storage/postgres/postgres.go:125.2,134.16 3 0
go-news/pkg/storage/postgres/postgres.go:134.16,136.3 1 0
go-news/pkg/storage/postgres/postgres.go:138.2,138.36 1 0
go-news/pkg/storage/postgres/postgres.go:138.36,140.3 1 0
go-news/pkg/storage/postgres/postgres.go:142.2,142.40 1 0
